<?xml version="1.0" encoding="UTF-8"?>
<!-- Generated by org.testng.reporters.JUnitReportReporter -->
<testsuite skipped="3" hostname="admin-PC" name="Project.Script.RegressionTestofCRM" tests="6" failures="0" timestamp="06 Jun 2022 05:30:07 GMT" time="10.519" errors="0">
  <testcase name="contSel" time="2.958" classname="Project.Script.RegressionTestofCRM"/>
  <testcase name="contSel" time="0.000" classname="Project.Script.RegressionTestofCRM">
    <skipped/>
  </testcase> <!-- contSel -->
  <testcase name="scrollPage" time="0.000" classname="Project.Script.RegressionTestofCRM">
    <skipped/>
  </testcase> <!-- scrollPage -->
  <testcase name="scrollPage" time="0.625" classname="Project.Script.RegressionTestofCRM"/>
  <testcase name="contactDetailsAdd1" time="6.936" classname="Project.Script.RegressionTestofCRM"/>
  <testcase name="contactDetailsAdd1" time="0.000" classname="Project.Script.RegressionTestofCRM">
    <skipped/>
  </testcase> <!-- contactDetailsAdd1 -->
</testsuite> <!-- Project.Script.RegressionTestofCRM -->
