<?xml version="1.0" encoding="UTF-8"?>
<!-- Generated by org.testng.reporters.JUnitReportReporter -->
<testsuite skipped="0" hostname="admin-PC" name="Sample.ExcelMercury" tests="1" failures="0" timestamp="24 Jun 2022 09:49:56 GMT" time="10.053" errors="0">
  <testcase name="f" time="10.053" classname="Sample.ExcelMercury"/>
</testsuite> <!-- Sample.ExcelMercury -->
