<?xml version="1.0" encoding="UTF-8"?>
<!-- Generated by org.testng.reporters.JUnitReportReporter -->
<testsuite skipped="0" hostname="admin-PC" name="Project.Script.SanityTestofCRM" tests="6" failures="0" timestamp="30 May 2022 05:17:50 GMT" time="32.709" errors="0">
  <testcase name="validUserValidPass" time="9.731" classname="Project.Script.SanityTestofCRM"/>
  <testcase name="validUserValidPass" time="9.695" classname="Project.Script.SanityTestofCRM"/>
  <testcase name="homeLogin" time="4.503" classname="Project.Script.SanityTestofCRM"/>
  <testcase name="homeLogin" time="0.944" classname="Project.Script.SanityTestofCRM"/>
  <testcase name="contSelect" time="3.876" classname="Project.Script.SanityTestofCRM"/>
  <testcase name="contSelect" time="3.960" classname="Project.Script.SanityTestofCRM"/>
</testsuite> <!-- Project.Script.SanityTestofCRM -->
