<?xml version="1.0" encoding="UTF-8"?>
<!-- Generated by org.testng.reporters.JUnitReportReporter -->
<testsuite skipped="0" hostname="admin-PC" name="Project.Script.RegressionTestofCRM" tests="6" failures="0" timestamp="30 May 2022 05:17:50 GMT" time="20.094" errors="0">
  <testcase name="contSel" time="2.272" classname="Project.Script.RegressionTestofCRM"/>
  <testcase name="contSel" time="2.489" classname="Project.Script.RegressionTestofCRM"/>
  <testcase name="scrollPage" time="0.128" classname="Project.Script.RegressionTestofCRM"/>
  <testcase name="scrollPage" time="0.123" classname="Project.Script.RegressionTestofCRM"/>
  <testcase name="contactDetailsAdd1" time="8.351" classname="Project.Script.RegressionTestofCRM"/>
  <testcase name="contactDetailsAdd1" time="6.731" classname="Project.Script.RegressionTestofCRM"/>
</testsuite> <!-- Project.Script.RegressionTestofCRM -->
