<?xml version="1.0" encoding="UTF-8"?>
<!-- Generated by org.testng.reporters.JUnitReportReporter -->
<testsuite hostname="admin-PC" failures="0" tests="1" name="Utilities.Base" time="0.006" errors="0" timestamp="2022-04-26T08:40:30 IST" skipped="0">
  <testcase classname="Utilities.Base" name="f" time="0.006"/>
  <system-out/>
</testsuite> <!-- Utilities.Base -->
