<?xml version="1.0" encoding="UTF-8"?>
<!-- Generated by org.testng.reporters.JUnitReportReporter -->
<testsuite hostname="admin-PC" failures="0" tests="1" name="Test.EbayTest" time="5.075" errors="0" timestamp="2022-04-27T09:48:26 IST" skipped="0">
  <testcase classname="Test.EbayTest" name="log" time="5.075"/>
  <system-out/>
</testsuite> <!-- Test.EbayTest -->
