<?xml version="1.0" encoding="UTF-8"?>
<!-- Generated by org.testng.reporters.JUnitReportReporter -->
<testsuite hostname="admin-PC" failures="0" tests="1" name="Test.LoginTest" time="18.898" errors="0" timestamp="2022-04-26T10:22:55 IST" skipped="0">
  <testcase classname="Test.LoginTest" name="log" time="18.898"/>
  <system-out/>
</testsuite> <!-- Test.LoginTest -->
