<?xml version="1.0" encoding="UTF-8"?>
<!-- Generated by org.testng.reporters.JUnitReportReporter -->
<testsuite hostname="admin-PC" failures="0" tests="1" name="Utilities.EbayBase" time="0.010" errors="0" timestamp="2022-04-27T09:04:49 IST" skipped="0">
  <testcase classname="Utilities.EbayBase" name="f" time="0.010"/>
  <system-out/>
</testsuite> <!-- Utilities.EbayBase -->
