<?xml version="1.0" encoding="UTF-8"?>
<!-- Generated by org.testng.reporters.JUnitReportReporter -->
<testsuite skipped="0" hostname="admin-PC" name="Samples.Myntra" tests="1" failures="0" timestamp="22 Jul 2022 09:02:36 GMT" time="64.503" errors="0">
  <testcase name="f" time="64.503" classname="Samples.Myntra"/>
</testsuite> <!-- Samples.Myntra -->
