<?xml version="1.0" encoding="UTF-8"?>
<!-- Generated by org.testng.reporters.JUnitReportReporter -->
<testsuite skipped="0" hostname="admin-PC" name="Samples.NewTest" tests="1" failures="0" timestamp="28 Jun 2022 09:56:50 GMT" time="20.726" errors="0">
  <testcase name="f" time="20.726" classname="Samples.NewTest"/>
</testsuite> <!-- Samples.NewTest -->
