<?xml version="1.0" encoding="UTF-8"?>
<!-- Generated by org.testng.reporters.JUnitReportReporter -->
<testsuite skipped="1" hostname="admin-PC" name="Samples.ExcelSample" tests="1" failures="0" timestamp="15 Jul 2022 03:39:01 GMT" time="0.000" errors="0">
  <testcase name="f" time="0.000" classname="Samples.ExcelSample">
    <skipped/>
  </testcase> <!-- f -->
</testsuite> <!-- Samples.ExcelSample -->
