<?xml version="1.0" encoding="UTF-8"?>
<!-- Generated by org.testng.reporters.JUnitReportReporter -->
<testsuite skipped="0" hostname="admin-PC" name="Samples.Drops" tests="2" failures="0" timestamp="29 Jun 2022 06:35:28 GMT" time="18.921" errors="0">
  <testcase name="f" time="3.240" classname="Samples.Drops"/>
  <testcase name="f2" time="15.681" classname="Samples.Drops"/>
</testsuite> <!-- Samples.Drops -->
