<?xml version="1.0" encoding="UTF-8"?>
<!-- Generated by org.testng.reporters.JUnitReportReporter -->
<testsuite skipped="0" hostname="admin-PC" name="POMProject.Script.LoginTest" tests="4" failures="0" timestamp="10 May 2022 08:59:09 GMT" time="41.903" errors="0">
  <testcase name="invalidUserNamenInvalidPassword" time="4.765" classname="POMProject.Script.LoginTest"/>
  <testcase name="invalidUserNamenValidPassword" time="8.641" classname="POMProject.Script.LoginTest"/>
  <testcase name="validUserNamenInvalidPassword" time="20.081" classname="POMProject.Script.LoginTest"/>
  <testcase name="ValidUserNamenValidPassword" time="8.416" classname="POMProject.Script.LoginTest"/>
</testsuite> <!-- POMProject.Script.LoginTest -->
