<?xml version="1.0" encoding="UTF-8"?>
<!-- Generated by org.testng.reporters.JUnitReportReporter -->
<testsuite skipped="0" hostname="admin-PC" name="Exmaple.DropTesting" tests="1" failures="0" timestamp="2022-05-05T20:47:46 IST" time="0.298" errors="0">
  <testcase name="f" time="0.298" classname="Exmaple.DropTesting"/>
  <system-out/>
</testsuite> <!-- Exmaple.DropTesting -->
