<?xml version="1.0" encoding="UTF-8"?>
<!-- Generated by org.testng.reporters.JUnitReportReporter -->
<testsuite hostname="admin-PC" failures="0" tests="1" name="Exmaple.TestElement" time="15.359" errors="0" timestamp="2022-03-28T15:12:38 IST" skipped="0">
  <testcase classname="Exmaple.TestElement" name="f" time="15.359"/>
  <system-out/>
</testsuite> <!-- Exmaple.TestElement -->
