<?xml version="1.0" encoding="UTF-8"?>
<!-- Generated by org.testng.reporters.JUnitReportReporter -->
<testsuite hostname="admin-PC" failures="0" tests="1" name="Exmaple.UploadFile" time="10.115" errors="0" timestamp="2022-04-08T10:39:36 IST" skipped="0">
  <testcase classname="Exmaple.UploadFile" name="f" time="10.115"/>
  <system-out/>
</testsuite> <!-- Exmaple.UploadFile -->
