<?xml version="1.0" encoding="UTF-8"?>
<!-- Generated by org.testng.reporters.JUnitReportReporter -->
<testsuite hostname="admin-PC" failures="0" tests="1" name="TestPaper2.Sample" time="5.278" errors="0" timestamp="2022-04-11T08:32:03 IST" skipped="0">
  <testcase classname="TestPaper2.Sample" name="f" time="5.278"/>
  <system-out/>
</testsuite> <!-- TestPaper2.Sample -->
