<?xml version="1.0" encoding="UTF-8"?>
<!-- Generated by org.testng.reporters.JUnitReportReporter -->
<testsuite hostname="admin-PC" failures="0" tests="1" name="TestPapers.DragnDropSample" time="5.595" errors="0" timestamp="2022-04-08T10:12:35 IST" skipped="0">
  <testcase classname="TestPapers.DragnDropSample" name="f" time="5.595"/>
  <system-out/>
</testsuite> <!-- TestPapers.DragnDropSample -->
