<?xml version="1.0" encoding="UTF-8"?>
<!-- Generated by org.testng.reporters.JUnitReportReporter -->
<testsuite hostname="admin-PC" failures="0" tests="1" name="TestPaper2.DrannDrop" time="46.029" errors="0" timestamp="2022-04-08T16:07:07 IST" skipped="0">
  <testcase classname="TestPaper2.DrannDrop" name="f" time="46.029"/>
  <system-out/>
</testsuite> <!-- TestPaper2.DrannDrop -->
