<?xml version="1.0" encoding="UTF-8"?>
<!-- Generated by org.testng.reporters.JUnitReportReporter -->
<testsuite hostname="admin-PC" failures="0" tests="1" name="Exmaple.MouseHoverSample2" time="15.708" errors="0" timestamp="2022-04-07T14:10:02 IST" skipped="0">
  <testcase classname="Exmaple.MouseHoverSample2" name="f" time="15.708"/>
  <system-out/>
</testsuite> <!-- Exmaple.MouseHoverSample2 -->
