<?xml version="1.0" encoding="UTF-8"?>
<!-- Generated by org.testng.reporters.JUnitReportReporter -->
<testsuite hostname="admin-PC" failures="0" tests="1" name="TestPaper2.ScrollEamp" time="15.157" errors="0" timestamp="2022-04-13T20:24:27 IST" skipped="0">
  <testcase classname="TestPaper2.ScrollEamp" name="f" time="15.157"/>
  <system-out/>
</testsuite> <!-- TestPaper2.ScrollEamp -->
