<?xml version="1.0" encoding="UTF-8"?>
<!-- Generated by org.testng.reporters.JUnitReportReporter -->
<testsuite hostname="admin-PC" failures="0" tests="1" name="Exmaple.RightClickExample" time="10.384" errors="0" timestamp="2022-04-07T21:14:34 IST" skipped="0">
  <testcase classname="Exmaple.RightClickExample" name="f" time="10.384"/>
  <system-out/>
</testsuite> <!-- Exmaple.RightClickExample -->
