<?xml version="1.0" encoding="UTF-8"?>
<!-- Generated by org.testng.reporters.JUnitReportReporter -->
<testsuite skipped="0" hostname="admin-PC" name="TestPaper3.DynamicTable" tests="1" failures="0" timestamp="2022-05-27T10:08:31 IST" time="0.081" errors="0">
  <testcase name="f" time="0.081" classname="TestPaper3.DynamicTable"/>
  <system-out/>
</testsuite> <!-- TestPaper3.DynamicTable -->
