<?xml version="1.0" encoding="UTF-8"?>
<!-- Generated by org.testng.reporters.JUnitReportReporter -->
<testsuite hostname="admin-PC" failures="0" tests="1" name="TestPaper2.ScreenShot1" time="10.527" errors="0" timestamp="2022-04-11T15:37:55 IST" skipped="0">
  <testcase classname="TestPaper2.ScreenShot1" name="sample" time="10.527"/>
  <system-out/>
</testsuite> <!-- TestPaper2.ScreenShot1 -->
