<?xml version="1.0" encoding="UTF-8"?>
<!-- Generated by org.testng.reporters.JUnitReportReporter -->
<testsuite skipped="0" hostname="admin-PC" name="TestPaper3.SacnSample" tests="1" failures="0" timestamp="2022-05-03T15:01:19 IST" time="11.644" errors="0">
  <testcase name="f" time="11.644" classname="TestPaper3.SacnSample"/>
  <system-out/>
</testsuite> <!-- TestPaper3.SacnSample -->
