<?xml version="1.0" encoding="UTF-8"?>
<!-- Generated by org.testng.reporters.JUnitReportReporter -->
<testsuite hostname="admin-PC" failures="0" tests="1" name="Exmaple.Antony" time="0.007" errors="0" timestamp="2022-03-27T12:00:36 IST" skipped="0">
  <testcase classname="Exmaple.Antony" name="antony" time="0.007"/>
  <system-out/>
</testsuite> <!-- Exmaple.Antony -->
