<?xml version="1.0" encoding="UTF-8"?>
<!-- Generated by org.testng.reporters.JUnitReportReporter -->
<testsuite hostname="admin-PC" failures="0" tests="1" name="TestPapers.MessageWrite" time="21.318" errors="0" timestamp="2022-04-01T15:18:44 IST" skipped="0">
  <testcase classname="TestPapers.MessageWrite" name="f" time="21.318"/>
  <system-out/>
</testsuite> <!-- TestPapers.MessageWrite -->
