<?xml version="1.0" encoding="UTF-8"?>
<!-- Generated by org.testng.reporters.JUnitReportReporter -->
<testsuite hostname="admin-PC" failures="0" tests="1" name="TestPapers.ClassTest2" time="15.488" errors="0" timestamp="2022-04-07T21:00:26 IST" skipped="0">
  <testcase classname="TestPapers.ClassTest2" name="f" time="15.488"/>
  <system-out/>
</testsuite> <!-- TestPapers.ClassTest2 -->
