<?xml version="1.0" encoding="UTF-8"?>
<!-- Generated by org.testng.reporters.JUnitReportReporter -->
<testsuite skipped="0" hostname="admin-PC" name="Exmaple.PartialLinkTestExample" tests="1" failures="0" timestamp="2022-05-26T15:22:12 IST" time="23.090" errors="0">
  <testcase name="f" time="23.090" classname="Exmaple.PartialLinkTestExample"/>
  <system-out/>
</testsuite> <!-- Exmaple.PartialLinkTestExample -->
