<?xml version="1.0" encoding="UTF-8"?>
<!-- Generated by org.testng.reporters.JUnitReportReporter -->
<testsuite hostname="admin-PC" failures="0" tests="3" name="TestPapers.Meesho" time="41.137" errors="0" timestamp="2022-04-22T21:26:32 IST" skipped="0">
  <testcase classname="TestPapers.Meesho" name="f" time="17.427"/>
  <system-out/>
  <testcase classname="TestPapers.Meesho" name="f" time="11.351"/>
  <system-out/>
  <testcase classname="TestPapers.Meesho" name="f" time="12.359"/>
  <system-out/>
</testsuite> <!-- TestPapers.Meesho -->
