<?xml version="1.0" encoding="UTF-8"?>
<!-- Generated by org.testng.reporters.JUnitReportReporter -->
<testsuite hostname="admin-PC" failures="0" tests="1" name="Exmaple.DownloadFile" time="4.331" errors="0" timestamp="2022-04-11T20:39:50 IST" skipped="0">
  <testcase classname="Exmaple.DownloadFile" name="f" time="4.331"/>
  <system-out/>
</testsuite> <!-- Exmaple.DownloadFile -->
