<?xml version="1.0" encoding="UTF-8"?>
<!-- Generated by org.testng.reporters.JUnitReportReporter -->
<testsuite hostname="admin-PC" failures="0" tests="1" name="TestPaper2.MouseHoverSam" time="12.772" errors="0" timestamp="2022-04-08T20:38:48 IST" skipped="0">
  <testcase classname="TestPaper2.MouseHoverSam" name="f" time="12.772"/>
  <system-out/>
</testsuite> <!-- TestPaper2.MouseHoverSam -->
