<?xml version="1.0" encoding="UTF-8"?>
<!-- Generated by org.testng.reporters.JUnitReportReporter -->
<testsuite hostname="admin-PC" failures="0" tests="1" name="Exmaple.NewTest" time="0.006" errors="0" timestamp="2022-03-27T11:31:12 IST" skipped="0">
  <testcase classname="Exmaple.NewTest" name="sample" time="0.006"/>
  <system-out/>
</testsuite> <!-- Exmaple.NewTest -->
