<?xml version="1.0" encoding="UTF-8"?>
<!-- Generated by org.testng.reporters.JUnitReportReporter -->
<testsuite skipped="0" hostname="admin-PC" name="Exmaple.NewWindowOpen" tests="1" failures="0" timestamp="2022-05-26T16:13:39 IST" time="23.329" errors="0">
  <testcase name="f" time="23.329" classname="Exmaple.NewWindowOpen"/>
  <system-out/>
</testsuite> <!-- Exmaple.NewWindowOpen -->
