<?xml version="1.0" encoding="UTF-8"?>
<!-- Generated by org.testng.reporters.JUnitReportReporter -->
<testsuite hostname="admin-PC" failures="0" tests="1" name="Exmaple.DragnDropExample" time="10.396" errors="0" timestamp="2022-04-07T12:35:31 IST" skipped="0">
  <testcase classname="Exmaple.DragnDropExample" name="f" time="10.396"/>
  <system-out/>
</testsuite> <!-- Exmaple.DragnDropExample -->
