<?xml version="1.0" encoding="UTF-8"?>
<!-- Generated by org.testng.reporters.JUnitReportReporter -->
<testsuite hostname="admin-PC" failures="0" tests="1" name="Exmaple.WebDriverManagerSample" time="18.239" errors="0" timestamp="2022-04-26T11:16:44 IST" skipped="0">
  <testcase classname="Exmaple.WebDriverManagerSample" name="f" time="18.239"/>
  <system-out/>
</testsuite> <!-- Exmaple.WebDriverManagerSample -->
