<?xml version="1.0" encoding="UTF-8"?>
<!-- Generated by org.testng.reporters.JUnitReportReporter -->
<testsuite skipped="0" hostname="admin-PC" name="Exmaple.DropListTesting" tests="1" failures="0" timestamp="2022-07-22T10:41:00 IST" time="9.675" errors="0">
  <testcase name="f" time="9.675" classname="Exmaple.DropListTesting"/>
  <system-out/>
</testsuite> <!-- Exmaple.DropListTesting -->
