<?xml version="1.0" encoding="UTF-8"?>
<!-- Generated by org.testng.reporters.JUnitReportReporter -->
<testsuite hostname="admin-PC" failures="0" tests="1" name="TestPaper3.NewWindow" time="33.845" errors="0" timestamp="2022-04-20T17:08:06 IST" skipped="0">
  <testcase classname="TestPaper3.NewWindow" name="f" time="33.845"/>
  <system-out/>
</testsuite> <!-- TestPaper3.NewWindow -->
