<?xml version="1.0" encoding="UTF-8"?>
<!-- Generated by org.testng.reporters.JUnitReportReporter -->
<testsuite hostname="admin-PC" failures="0" tests="1" name="TestPapers.RadioDropExaple" time="67.314" errors="0" timestamp="2022-04-01T14:52:36 IST" skipped="0">
  <testcase classname="TestPapers.RadioDropExaple" name="f" time="67.314"/>
  <system-out/>
</testsuite> <!-- TestPapers.RadioDropExaple -->
