<?xml version="1.0" encoding="UTF-8"?>
<!-- Generated by org.testng.reporters.JUnitReportReporter -->
<testsuite skipped="0" hostname="admin-PC" name="TestPaper2.NewTest" tests="1" failures="0" timestamp="2022-06-23T15:53:25 IST" time="10.403" errors="0">
  <testcase name="f" time="10.403" classname="TestPaper2.NewTest"/>
  <system-out/>
</testsuite> <!-- TestPaper2.NewTest -->
