<?xml version="1.0" encoding="UTF-8"?>
<!-- Generated by org.testng.reporters.JUnitReportReporter -->
<testsuite hostname="admin-PC" failures="0" tests="1" name="TestPapers.Example2" time="15.638" errors="0" timestamp="2022-04-02T10:46:25 IST" skipped="0">
  <testcase classname="TestPapers.Example2" name="f" time="15.638"/>
  <system-out/>
</testsuite> <!-- TestPapers.Example2 -->
