<?xml version="1.0" encoding="UTF-8"?>
<!-- Generated by org.testng.reporters.JUnitReportReporter -->
<testsuite skipped="0" hostname="admin-PC" name="Exmaple.DropTeester" tests="1" failures="0" timestamp="2022-05-06T12:06:42 IST" time="1.823" errors="0">
  <testcase name="f" time="1.823" classname="Exmaple.DropTeester"/>
  <system-out/>
</testsuite> <!-- Exmaple.DropTeester -->
