<?xml version="1.0" encoding="UTF-8"?>
<!-- Generated by org.testng.reporters.JUnitReportReporter -->
<testsuite hostname="admin-PC" failures="0" tests="3" name="Exmaple.ParameterExamp" time="15.028" errors="0" timestamp="2022-04-20T17:42:50 IST" skipped="0">
  <testcase classname="Exmaple.ParameterExamp" name="login" time="4.905"/>
  <system-out/>
  <testcase classname="Exmaple.ParameterExamp" name="login" time="3.880"/>
  <system-out/>
  <testcase classname="Exmaple.ParameterExamp" name="login" time="6.243"/>
  <system-out/>
</testsuite> <!-- Exmaple.ParameterExamp -->
