<?xml version="1.0" encoding="UTF-8"?>
<!-- Generated by org.testng.reporters.JUnitReportReporter -->
<testsuite skipped="0" hostname="admin-PC" name="Exmaple.DragDropSample" tests="1" failures="0" timestamp="2022-05-26T16:06:41 IST" time="35.686" errors="0">
  <testcase name="f" time="35.686" classname="Exmaple.DragDropSample"/>
  <system-out/>
</testsuite> <!-- Exmaple.DragDropSample -->
