<?xml version="1.0" encoding="UTF-8"?>
<!-- Generated by org.testng.reporters.JUnitReportReporter -->
<testsuite hostname="admin-PC" failures="0" tests="1" name="TestPaper2.ParameterExample" time="8.499" errors="0" timestamp="2022-04-20T12:30:39 IST" skipped="0">
  <testcase classname="TestPaper2.ParameterExample" name="login" time="8.499"/>
  <system-out/>
</testsuite> <!-- TestPaper2.ParameterExample -->
