<?xml version="1.0" encoding="UTF-8"?>
<!-- Generated by org.testng.reporters.JUnitReportReporter -->
<testsuite skipped="0" hostname="admin-PC" name="Exmaple.ExcelReadSample" tests="6" failures="0" timestamp="2022-06-29T11:45:10 IST" time="165.939" errors="0">
  <testcase name="login" time="23.275" classname="Exmaple.ExcelReadSample"/>
  <system-out/>
  <testcase name="login" time="22.813" classname="Exmaple.ExcelReadSample"/>
  <system-out/>
  <testcase name="login" time="67.523" classname="Exmaple.ExcelReadSample"/>
  <system-out/>
  <testcase name="login" time="18.622" classname="Exmaple.ExcelReadSample"/>
  <system-out/>
  <testcase name="login" time="18.658" classname="Exmaple.ExcelReadSample"/>
  <system-out/>
  <testcase name="login" time="15.048" classname="Exmaple.ExcelReadSample"/>
  <system-out/>
</testsuite> <!-- Exmaple.ExcelReadSample -->
