<?xml version="1.0" encoding="UTF-8"?>
<!-- Generated by org.testng.reporters.JUnitReportReporter -->
<testsuite skipped="0" hostname="admin-PC" name="TestPapers.NewTest" tests="1" failures="0" timestamp="2022-05-26T20:34:24 IST" time="2.843" errors="0">
  <testcase name="f" time="2.843" classname="TestPapers.NewTest"/>
  <system-out/>
</testsuite> <!-- TestPapers.NewTest -->
