<?xml version="1.0" encoding="UTF-8"?>
<!-- Generated by org.testng.reporters.JUnitReportReporter -->
<testsuite skipped="0" hostname="admin-PC" name="Exmaple.MySample" tests="1" failures="0" timestamp="2022-07-19T10:45:09 IST" time="0.009" errors="0">
  <testcase name="f" time="0.009" classname="Exmaple.MySample"/>
  <system-out/>
</testsuite> <!-- Exmaple.MySample -->
