<?xml version="1.0" encoding="UTF-8"?>
<!-- Generated by org.testng.reporters.JUnitReportReporter -->
<testsuite hostname="admin-PC" failures="0" tests="1" name="Exmaple.NewTest1" time="0.010" errors="0" timestamp="2022-04-18T07:54:00 IST" skipped="0">
  <testcase classname="Exmaple.NewTest1" name="f" time="0.010"/>
  <system-out/>
</testsuite> <!-- Exmaple.NewTest1 -->
