<?xml version="1.0" encoding="UTF-8"?>
<!-- Generated by org.testng.reporters.JUnitReportReporter -->
<testsuite hostname="admin-PC" failures="0" tests="1" name="TestPaper2.DragDropSample" time="24.460" errors="0" timestamp="2022-04-08T19:59:12 IST" skipped="0">
  <testcase classname="TestPaper2.DragDropSample" name="f" time="24.460"/>
  <system-out/>
</testsuite> <!-- TestPaper2.DragDropSample -->
