<?xml version="1.0" encoding="UTF-8"?>
<!-- Generated by org.testng.reporters.JUnitReportReporter -->
<testsuite hostname="admin-PC" failures="0" tests="1" name="TestPapers.SelectColourTest" time="21.259" errors="0" timestamp="2022-04-01T17:25:42 IST" skipped="0">
  <testcase classname="TestPapers.SelectColourTest" name="f" time="21.259"/>
  <system-out/>
</testsuite> <!-- TestPapers.SelectColourTest -->
