<?xml version="1.0" encoding="UTF-8"?>
<!-- Generated by org.testng.reporters.JUnitReportReporter -->
<testsuite hostname="admin-PC" failures="0" tests="1" name="Exmaple.DoubleClickSample" time="5.260" errors="0" timestamp="2022-04-08T09:54:22 IST" skipped="0">
  <testcase classname="Exmaple.DoubleClickSample" name="f" time="5.260"/>
  <system-out/>
</testsuite> <!-- Exmaple.DoubleClickSample -->
