<?xml version="1.0" encoding="UTF-8"?>
<!-- Generated by org.testng.reporters.JUnitReportReporter -->
<testsuite skipped="0" hostname="admin-PC" name="Exmaple.XpathSample1" tests="1" failures="0" timestamp="2022-05-26T10:35:59 IST" time="3.807" errors="0">
  <testcase name="f" time="3.807" classname="Exmaple.XpathSample1"/>
  <system-out/>
</testsuite> <!-- Exmaple.XpathSample1 -->
