<?xml version="1.0" encoding="UTF-8"?>
<!-- Generated by org.testng.reporters.JUnitReportReporter -->
<testsuite skipped="0" hostname="admin-PC" name="TestPaper2.TableHandle" tests="1" failures="0" timestamp="2022-05-31T07:36:00 IST" time="7.924" errors="0">
  <testcase name="f" time="7.924" classname="TestPaper2.TableHandle"/>
  <system-out/>
</testsuite> <!-- TestPaper2.TableHandle -->
