<?xml version="1.0" encoding="UTF-8"?>
<!-- Generated by org.testng.reporters.JUnitReportReporter -->
<testsuite hostname="admin-PC" failures="0" tests="1" name="TestPaper3.WebSample" time="0.014" errors="0" timestamp="2022-04-27T06:55:46 IST" skipped="0">
  <testcase classname="TestPaper3.WebSample" name="f" time="0.014"/>
  <system-out/>
</testsuite> <!-- TestPaper3.WebSample -->
