<?xml version="1.0" encoding="UTF-8"?>
<!-- Generated by org.testng.reporters.JUnitReportReporter -->
<testsuite hostname="admin-PC" failures="0" tests="1" name="TestPapers.Example1" time="9.872" errors="0" timestamp="2022-04-02T10:35:24 IST" skipped="0">
  <testcase classname="TestPapers.Example1" name="f" time="9.872"/>
  <system-out/>
</testsuite> <!-- TestPapers.Example1 -->
