<?xml version="1.0" encoding="UTF-8"?>
<!-- Generated by org.testng.reporters.JUnitReportReporter -->
<testsuite hostname="admin-PC" failures="0" tests="1" name="TestPaper2.KeyBoardSample" time="5.163" errors="0" timestamp="2022-04-08T20:42:30 IST" skipped="0">
  <testcase classname="TestPaper2.KeyBoardSample" name="f" time="5.163"/>
  <system-out/>
</testsuite> <!-- TestPaper2.KeyBoardSample -->
