<?xml version="1.0" encoding="UTF-8"?>
<!-- Generated by org.testng.reporters.JUnitReportReporter -->
<testsuite hostname="admin-PC" failures="0" tests="1" name="TestPapers.ClassTest1" time="11.239" errors="0" timestamp="2022-04-07T20:05:07 IST" skipped="0">
  <testcase classname="TestPapers.ClassTest1" name="f" time="11.239"/>
  <system-out/>
</testsuite> <!-- TestPapers.ClassTest1 -->
