<?xml version="1.0" encoding="UTF-8"?>
<!-- Generated by org.testng.reporters.JUnitReportReporter -->
<testsuite hostname="admin-PC" failures="0" tests="1" name="Exmaple.WebElementTesting" time="9.446" errors="0" timestamp="2022-03-28T11:03:23 IST" skipped="0">
  <testcase classname="Exmaple.WebElementTesting" name="f" time="9.446"/>
  <system-out/>
</testsuite> <!-- Exmaple.WebElementTesting -->
