<?xml version="1.0" encoding="UTF-8"?>
<!-- Generated by org.testng.reporters.JUnitReportReporter -->
<testsuite skipped="0" hostname="admin-PC" name="Exmaple.AntonyTest1" tests="1" failures="0" timestamp="2022-05-26T15:15:17 IST" time="10.713" errors="0">
  <testcase name="f" time="10.713" classname="Exmaple.AntonyTest1"/>
  <system-out/>
</testsuite> <!-- Exmaple.AntonyTest1 -->
