<?xml version="1.0" encoding="UTF-8"?>
<!-- Generated by org.testng.reporters.JUnitReportReporter -->
<testsuite hostname="admin-PC" failures="0" tests="1" name="Exmaple.HardAssertExample" time="14.896" errors="0" timestamp="2022-03-30T10:51:10 IST" skipped="0">
  <testcase classname="Exmaple.HardAssertExample" name="f" time="14.896"/>
  <system-out/>
</testsuite> <!-- Exmaple.HardAssertExample -->
