<?xml version="1.0" encoding="UTF-8"?>
<!-- Generated by org.testng.reporters.JUnitReportReporter -->
<testsuite hostname="admin-PC" failures="0" tests="1" name="Exmaple.MouseHoverExample" time="18.694" errors="0" timestamp="2022-04-07T21:28:18 IST" skipped="0">
  <testcase classname="Exmaple.MouseHoverExample" name="f" time="18.694"/>
  <system-out/>
</testsuite> <!-- Exmaple.MouseHoverExample -->
