<?xml version="1.0" encoding="UTF-8"?>
<!-- Generated by org.testng.reporters.JUnitReportReporter -->
<testsuite hostname="admin-PC" failures="0" tests="1" name="TestPaper3.Sample1" time="12.647" errors="0" timestamp="2022-04-15T18:07:20 IST" skipped="0">
  <testcase classname="TestPaper3.Sample1" name="f" time="12.647"/>
  <system-out/>
</testsuite> <!-- TestPaper3.Sample1 -->
