<?xml version="1.0" encoding="UTF-8"?>
<!-- Generated by org.testng.reporters.JUnitReportReporter -->
<testsuite skipped="0" hostname="admin-PC" name="Exmaple.WebTableHandling" tests="1" failures="0" timestamp="2022-05-30T11:51:23 IST" time="2.554" errors="0">
  <testcase name="f" time="2.554" classname="Exmaple.WebTableHandling"/>
  <system-out/>
</testsuite> <!-- Exmaple.WebTableHandling -->
