<?xml version="1.0" encoding="UTF-8"?>
<!-- Generated by org.testng.reporters.JUnitReportReporter -->
<testsuite hostname="admin-PC" failures="0" tests="1" name="TestPapers.BethlehamSample" time="15.364" errors="0" timestamp="2022-04-01T17:43:53 IST" skipped="0">
  <testcase classname="TestPapers.BethlehamSample" name="f" time="15.364"/>
  <system-out/>
</testsuite> <!-- TestPapers.BethlehamSample -->
