<?xml version="1.0" encoding="UTF-8"?>
<!-- Generated by org.testng.reporters.JUnitReportReporter -->
<testsuite hostname="admin-PC" failures="0" tests="1" name="Exmaple.ScreenShotSample" time="15.244" errors="0" timestamp="2022-04-11T11:43:02 IST" skipped="0">
  <testcase classname="Exmaple.ScreenShotSample" name="f" time="15.244"/>
  <system-out/>
</testsuite> <!-- Exmaple.ScreenShotSample -->
