<?xml version="1.0" encoding="UTF-8"?>
<!-- Generated by org.testng.reporters.JUnitReportReporter -->
<testsuite skipped="0" hostname="admin-PC" name="TestPaper2.DoubleClickSample" tests="1" failures="0" timestamp="2022-05-13T12:28:38 IST" time="5.346" errors="0">
  <testcase name="f" time="5.346" classname="TestPaper2.DoubleClickSample"/>
  <system-out/>
</testsuite> <!-- TestPaper2.DoubleClickSample -->
