<?xml version="1.0" encoding="UTF-8"?>
<!-- Generated by org.testng.reporters.JUnitReportReporter -->
<testsuite hostname="admin-PC" failures="0" tests="1" name="TestPaper2.Down" time="4.965" errors="0" timestamp="2022-04-11T20:28:05 IST" skipped="0">
  <testcase classname="TestPaper2.Down" name="ff" time="4.965"/>
  <system-out/>
</testsuite> <!-- TestPaper2.Down -->
