<?xml version="1.0" encoding="UTF-8"?>
<!-- Generated by org.testng.reporters.JUnitReportReporter -->
<testsuite hostname="admin-PC" failures="0" tests="1" name="Exmaple.KeyBoardSample" time="15.780" errors="0" timestamp="2022-04-07T13:39:10 IST" skipped="0">
  <testcase classname="Exmaple.KeyBoardSample" name="f" time="15.780"/>
  <system-out/>
</testsuite> <!-- Exmaple.KeyBoardSample -->
