<?xml version="1.0" encoding="UTF-8"?>
<!-- Generated by org.testng.reporters.JUnitReportReporter -->
<testsuite hostname="admin-PC" failures="0" tests="1" name="TestPapers.XpathLooping" time="11.043" errors="0" timestamp="2022-04-09T11:14:09 IST" skipped="0">
  <testcase classname="TestPapers.XpathLooping" name="f" time="11.043"/>
  <system-out/>
</testsuite> <!-- TestPapers.XpathLooping -->
