<?xml version="1.0" encoding="UTF-8"?>
<!-- Generated by org.testng.reporters.JUnitReportReporter -->
<testsuite skipped="0" hostname="admin-PC" name="Exmaple.Calender" tests="1" failures="0" timestamp="2022-05-06T12:52:56 IST" time="0.013" errors="0">
  <testcase name="f" time="0.013" classname="Exmaple.Calender"/>
  <system-out/>
</testsuite> <!-- Exmaple.Calender -->
