<?xml version="1.0" encoding="UTF-8"?>
<!-- Generated by org.testng.reporters.JUnitReportReporter -->
<testsuite skipped="0" hostname="admin-PC" name="TestPapers.CheckBoxExample" tests="1" failures="0" timestamp="2022-05-07T10:44:02 IST" time="15.832" errors="0">
  <testcase name="f" time="15.832" classname="TestPapers.CheckBoxExample"/>
  <system-out/>
</testsuite> <!-- TestPapers.CheckBoxExample -->
