<?xml version="1.0" encoding="UTF-8"?>
<!-- Generated by org.testng.reporters.JUnitReportReporter -->
<testsuite hostname="admin-PC" failures="0" tests="1" name="TestPaper2.ScreenShot2" time="10.486" errors="0" timestamp="2022-04-11T20:23:11 IST" skipped="0">
  <testcase classname="TestPaper2.ScreenShot2" name="f" time="10.486"/>
  <system-out/>
</testsuite> <!-- TestPaper2.ScreenShot2 -->
