<?xml version="1.0" encoding="UTF-8"?>
<!-- Generated by org.testng.reporters.JUnitReportReporter -->
<testsuite skipped="0" hostname="admin-PC" name="TestPapers.TableHandle" tests="1" failures="0" timestamp="2022-05-27T08:32:58 IST" time="6.023" errors="0">
  <testcase name="f" time="6.023" classname="TestPapers.TableHandle"/>
  <system-out/>
</testsuite> <!-- TestPapers.TableHandle -->
