<?xml version="1.0" encoding="UTF-8"?>
<!-- Generated by org.testng.reporters.JUnitReportReporter -->
<testsuite hostname="admin-PC" failures="0" tests="1" name="Exmaple.EnterKeyExample" time="9.555" errors="0" timestamp="2022-04-07T10:35:51 IST" skipped="0">
  <testcase classname="Exmaple.EnterKeyExample" name="f" time="9.555"/>
  <system-out/>
</testsuite> <!-- Exmaple.EnterKeyExample -->
