<?xml version="1.0" encoding="UTF-8"?>
<!-- Generated by org.testng.reporters.JUnitReportReporter -->
<testsuite skipped="0" hostname="admin-PC" name="TestPapers.EbaySample" tests="1" failures="0" timestamp="2022-06-01T11:19:40 IST" time="0.169" errors="0">
  <testcase name="f" time="0.169" classname="TestPapers.EbaySample"/>
  <system-out/>
</testsuite> <!-- TestPapers.EbaySample -->
