<?xml version="1.0" encoding="UTF-8"?>
<!-- Generated by org.testng.reporters.JUnitReportReporter -->
<testsuite hostname="admin-PC" failures="0" tests="1" name="Exmaple.WaitExample" time="0.472" errors="0" timestamp="2022-04-14T11:01:29 IST" skipped="0">
  <testcase classname="Exmaple.WaitExample" name="f" time="0.472"/>
  <system-out/>
</testsuite> <!-- Exmaple.WaitExample -->
