<?xml version="1.0" encoding="UTF-8"?>
<!-- Generated by org.testng.reporters.JUnitReportReporter -->
<testsuite hostname="admin-PC" failures="0" tests="1" name="Exmaple.TestPaper1" time="0.009" errors="0" timestamp="2022-03-30T10:12:05 IST" skipped="0">
  <testcase classname="Exmaple.TestPaper1" name="f" time="0.009"/>
  <system-out/>
</testsuite> <!-- Exmaple.TestPaper1 -->
