<?xml version="1.0" encoding="UTF-8"?>
<!-- Generated by org.testng.reporters.JUnitReportReporter -->
<testsuite skipped="0" hostname="admin-PC" name="TestPaper2.Samplesss" tests="1" failures="0" timestamp="2022-05-26T11:24:46 IST" time="0.468" errors="0">
  <testcase name="f" time="0.468" classname="TestPaper2.Samplesss"/>
  <system-out/>
</testsuite> <!-- TestPaper2.Samplesss -->
