<?xml version="1.0" encoding="UTF-8"?>
<!-- Generated by org.testng.reporters.JUnitReportReporter -->
<testsuite hostname="admin-PC" failures="0" tests="1" name="TestPaper3.EbaySample" time="22.994" errors="0" timestamp="2022-04-20T09:35:21 IST" skipped="0">
  <testcase classname="TestPaper3.EbaySample" name="f" time="22.994"/>
  <system-out/>
</testsuite> <!-- TestPaper3.EbaySample -->
