<?xml version="1.0" encoding="UTF-8"?>
<!-- Generated by org.testng.reporters.JUnitReportReporter -->
<testsuite hostname="admin-PC" failures="0" tests="1" name="TestPapers.RadioBoxExample" time="27.427" errors="0" timestamp="2022-04-01T17:13:58 IST" skipped="0">
  <testcase classname="TestPapers.RadioBoxExample" name="f" time="27.427"/>
  <system-out/>
</testsuite> <!-- TestPapers.RadioBoxExample -->
